Setting proxy --> /syncsketch/*
Setting proxy --> /reverseProxy/*
Setting proxy --> /syncsketch-v2/*
Setting proxy --> /syncsketch-upload/*
Setting proxy --> /typeform/*
Setting proxy --> /confluence/*
Setting proxy --> /admin-atlassian/*
Setting proxy --> /liquid-box-shared/*
Setting proxy --> /box/*
Setting proxy --> /box-account/*
Setting proxy --> /pm-socket/*
Setting proxy --> /cloud-functions/*
Setting proxy --> /item-data-cdn-syncsketch-com/*
Setting proxy --> /media-cdn-syncsketch-com/*
Setting proxy --> /lareposync/*
Setting proxy --> /integrations/*
Setting proxy --> /liquidanimation-box/*
projectmgr-react --> listening at: 3000
/forms?workspace_id=fzi2MS
https://api.typeform.com/
/project/?active=1&is_archived=0&account__active=1
https://syncsketch.com/api/v1
/subfolder?root=0&folder=LADUS_DisneyUS
https://liquidanimation.live/box-rest/
/subfolder?root=135427365437&folder=LADUS0029_Zootopia
https://liquidanimation.live/box-rest/
/item/14017637/
https://syncsketch.com/api/v1
/subfolder?root=177579276321&folder=Reference
https://liquidanimation.live/box-rest/
/2257272/?noConvertFlag=0
https://syncsketch.com/items/uploadToReview
/item/14017637/
https://syncsketch.com/api/v1
/item/14017653/
https://syncsketch.com/api/v1
